<?xml version="1.0" encoding="UTF-8"?>
<testng-results ignored="0" total="1" passed="1" failed="0" skipped="0">
  <reporter-output>
  </reporter-output>
  <suite started-at="2022-06-09T15:17:55 IST" name="Default suite" finished-at="2022-06-09T15:17:59 IST" duration-ms="3403">
    <groups>
    </groups>
    <test started-at="2022-06-09T15:17:55 IST" name="Default test" finished-at="2022-06-09T15:17:59 IST" duration-ms="3403">
      <class name="Pet.GETPetByStatus">
        <test-method signature="GETpetBystatus()[pri:0, instance:Pet.GETPetByStatus@61386958]" started-at="2022-06-09T15:17:55 IST" name="GETpetBystatus" finished-at="2022-06-09T15:17:59 IST" duration-ms="3350" status="PASS">
          <reporter-output>
          </reporter-output>
        </test-method> <!-- GETpetBystatus -->
      </class> <!-- Pet.GETPetByStatus -->
    </test> <!-- Default test -->
  </suite> <!-- Default suite -->
</testng-results>
